<?xml version="1.0" encoding="UTF-8"?>
<!-- Generated by org.testng.reporters.JUnitReportReporter -->
<testsuite hostname="LAPTOP-6MELK31E" failures="0" tests="1" name="AdvanceSelenium.ToLearnConfigurationAnnotation" time="0.022" errors="0" timestamp="2025-01-02T10:56:10 IST" skipped="0">
  <testcase classname="AdvanceSelenium.ToLearnConfigurationAnnotation" name="test" time="0.022"/>
  <system-out>
    <![CDATA[TestNG got executed]]>
  </system-out>
</testsuite> <!-- AdvanceSelenium.ToLearnConfigurationAnnotation -->
