<?xml version="1.0" encoding="UTF-8"?>
<!-- Generated by org.testng.reporters.JUnitReportReporter -->
<testsuite hostname="LAPTOP-6MELK31E" failures="0" tests="1" name="ToLearnBatchExecution.Amazon" time="19.027" errors="0" timestamp="2025-02-17T12:43:53 IST" skipped="0">
  <testcase classname="ToLearnBatchExecution.Amazon" name="amazon" time="19.027"/>
  <system-out>
    <![CDATA[Amazon got executed]]>
  </system-out>
</testsuite> <!-- ToLearnBatchExecution.Amazon -->
