<?xml version="1.0" encoding="UTF-8"?>
<!-- Generated by org.testng.reporters.JUnitReportReporter -->
<testsuite hostname="LAPTOP-6MELK31E" failures="0" tests="3" name="AdvanceSelenium.ToLearndependsOnMethods" time="0.020" errors="0" timestamp="2025-01-02T10:13:45 IST" skipped="0">
  <testcase classname="AdvanceSelenium.ToLearndependsOnMethods" name="DeleteAccount" time="0.003"/>
  <system-out>
    <![CDATA[Account Deleted Successfully]]>
  </system-out>
  <testcase classname="AdvanceSelenium.ToLearndependsOnMethods" name="CreateAccount" time="0.014"/>
  <system-out>
    <![CDATA[Account Create Successfully]]>
  </system-out>
  <testcase classname="AdvanceSelenium.ToLearndependsOnMethods" name="EditAccount" time="0.003"/>
  <system-out>
    <![CDATA[Account Edited Successfully]]>
  </system-out>
</testsuite> <!-- AdvanceSelenium.ToLearndependsOnMethods -->
