<?xml version="1.0" encoding="UTF-8"?>
<!-- Generated by org.testng.reporters.JUnitReportReporter -->
<testsuite hostname="LAPTOP-6MELK31E" failures="0" tests="3" name="DataProvider.ToLearnDataProvider" time="43.387" errors="0" timestamp="2025-01-05T20:08:04 IST" skipped="0">
  <testcase classname="DataProvider.ToLearnDataProvider" name="getData" time="15.015"/>
  <system-out/>
  <testcase classname="DataProvider.ToLearnDataProvider" name="getData" time="14.875"/>
  <system-out/>
  <testcase classname="DataProvider.ToLearnDataProvider" name="getData" time="13.497"/>
  <system-out/>
</testsuite> <!-- DataProvider.ToLearnDataProvider -->
